[    0.000000] Linux version 4.15.0-112-generic (buildd@lcy01-amd64-027) (gcc version 7.5.0 (Ubuntu 7.5.0-3ubuntu1~18.04)) #113-Ubuntu SMP Thu Jul 9 23:41:39 UTC 2020 (Ubuntu 4.15.0-112.113-generic 4.15.18)
[    0.000000] Command line: BOOT_IMAGE=/boot/vmlinuz-4.15.0-112-generic root=LABEL=cloudimg-rootfs ro console=tty1 console=ttyS0
[    0.000000] KERNEL supported cpus:
[    0.000000]   Intel GenuineIntel
[    0.000000]   AMD AuthenticAMD
[    0.000000]   Centaur CentaurHauls
[    0.000000] x86/fpu: Supporting XSAVE feature 0x001: 'x87 floating point registers'
[    0.000000] x86/fpu: Supporting XSAVE feature 0x002: 'SSE registers'
[    0.000000] x86/fpu: Supporting XSAVE feature 0x004: 'AVX registers'
[    0.000000] x86/fpu: xstate_offset[2]:  576, xstate_sizes[2]:  256
[    0.000000] x86/fpu: Enabled xstate features 0x7, context size is 832 bytes, using 'standard' format.
[    0.000000] e820: BIOS-provided physical RAM map:
[    0.000000] BIOS-e820: [mem 0x0000000000000000-0x000000000009fbff] usable
[    0.000000] BIOS-e820: [mem 0x000000000009fc00-0x000000000009ffff] reserved
[    0.000000] BIOS-e820: [mem 0x00000000000f0000-0x00000000000fffff] reserved
[    0.000000] BIOS-e820: [mem 0x0000000000100000-0x000000003ffeffff] usable
[    0.000000] BIOS-e820: [mem 0x000000003fff0000-0x000000003fffffff] ACPI data
[    0.000000] BIOS-e820: [mem 0x00000000fec00000-0x00000000fec00fff] reserved
[    0.000000] BIOS-e820: [mem 0x00000000fee00000-0x00000000fee00fff] reserved
[    0.000000] BIOS-e820: [mem 0x00000000fffc0000-0x00000000ffffffff] reserved
[    0.000000] NX (Execute Disable) protection: active
[    0.000000] SMBIOS 2.5 present.
[    0.000000] DMI: innotek GmbH VirtualBox/VirtualBox, BIOS VirtualBox 12/01/2006
[    0.000000] Hypervisor detected: KVM
[    0.000000] e820: last_pfn = 0x3fff0 max_arch_pfn = 0x400000000
[    0.000000] MTRR: Disabled
[    0.000000] x86/PAT: MTRRs disabled, skipping PAT initialization too.
[    0.000000] CPU MTRRs all blank - virtualized system.
[    0.000000] x86/PAT: Configuration [0-7]: WB  WT  UC- UC  WB  WT  UC- UC  
[    0.000000] found SMP MP-table at [mem 0x0009fff0-0x0009ffff]
[    0.000000] Scanning 1 areas for low memory corruption
[    0.000000] RAMDISK: [mem 0x35a69000-0x36d2bfff]
[    0.000000] ACPI: Early table checksum verification disabled
[    0.000000] ACPI: RSDP 0x00000000000E0000 000024 (v02 VBOX  )
[    0.000000] ACPI: XSDT 0x000000003FFF0030 00003C (v01 VBOX   VBOXXSDT 00000001 ASL  00000061)
[    0.000000] ACPI: FACP 0x000000003FFF00F0 0000F4 (v04 VBOX   VBOXFACP 00000001 ASL  00000061)
[    0.000000] ACPI: DSDT 0x000000003FFF0470 002325 (v02 VBOX   VBOXBIOS 00000002 INTL 20100528)
[    0.000000] ACPI: FACS 0x000000003FFF0200 000040
[    0.000000] ACPI: FACS 0x000000003FFF0200 000040
[    0.000000] ACPI: APIC 0x000000003FFF0240 00005C (v02 VBOX   VBOXAPIC 00000001 ASL  00000061)
[    0.000000] ACPI: SSDT 0x000000003FFF02A0 0001CC (v01 VBOX   VBOXCPUT 00000002 INTL 20100528)
[    0.000000] No NUMA configuration found
[    0.000000] Faking a node at [mem 0x0000000000000000-0x000000003ffeffff]
[    0.000000] NODE_DATA(0) allocated [mem 0x3ffc5000-0x3ffeffff]
[    0.000000] kvm-clock: cpu 0, msr 0:3ff44001, primary cpu clock
[    0.000000] kvm-clock: Using msrs 4b564d01 and 4b564d00
[    0.000000] kvm-clock: using sched offset of 4165602105 cycles
[    0.000000] clocksource: kvm-clock: mask: 0xffffffffffffffff max_cycles: 0x1cd42e4dffb, max_idle_ns: 881590591483 ns
[    0.000000] Zone ranges:
[    0.000000]   DMA      [mem 0x0000000000001000-0x0000000000ffffff]
[    0.000000]   DMA32    [mem 0x0000000001000000-0x000000003ffeffff]
[    0.000000]   Normal   empty
[    0.000000]   Device   empty
[    0.000000] Movable zone start for each node
[    0.000000] Early memory node ranges
[    0.000000]   node   0: [mem 0x0000000000001000-0x000000000009efff]
[    0.000000]   node   0: [mem 0x0000000000100000-0x000000003ffeffff]
[    0.000000] Reserved but unavailable: 98 pages
[    0.000000] Initmem setup node 0 [mem 0x0000000000001000-0x000000003ffeffff]
[    0.000000] ACPI: PM-Timer IO Port: 0x4008
[    0.000000] IOAPIC[0]: apic_id 2, version 32, address 0xfec00000, GSI 0-23
[    0.000000] ACPI: INT_SRC_OVR (bus 0 bus_irq 0 global_irq 2 dfl dfl)
[    0.000000] ACPI: INT_SRC_OVR (bus 0 bus_irq 9 global_irq 9 low level)
[    0.000000] Using ACPI (MADT) for SMP configuration information
[    0.000000] smpboot: Allowing 2 CPUs, 0 hotplug CPUs
[    0.000000] PM: Registered nosave memory: [mem 0x00000000-0x00000fff]
[    0.000000] PM: Registered nosave memory: [mem 0x0009f000-0x0009ffff]
[    0.000000] PM: Registered nosave memory: [mem 0x000a0000-0x000effff]
[    0.000000] PM: Registered nosave memory: [mem 0x000f0000-0x000fffff]
[    0.000000] e820: [mem 0x40000000-0xfebfffff] available for PCI devices
[    0.000000] Booting paravirtualized kernel on KVM
[    0.000000] clocksource: refined-jiffies: mask: 0xffffffff max_cycles: 0xffffffff, max_idle_ns: 7645519600211568 ns
[    0.000000] random: get_random_bytes called from start_kernel+0x99/0x500 with crng_init=0
[    0.000000] setup_percpu: NR_CPUS:8192 nr_cpumask_bits:2 nr_cpu_ids:2 nr_node_ids:1
[    0.000000] percpu: Embedded 45 pages/cpu s147456 r8192 d28672 u1048576
[    0.000000] PV qspinlock hash table entries: 256 (order: 0, 4096 bytes)
[    0.000000] Built 1 zonelists, mobility grouping on.  Total pages: 257913
[    0.000000] Policy zone: DMA32
[    0.000000] Kernel command line: BOOT_IMAGE=/boot/vmlinuz-4.15.0-112-generic root=LABEL=cloudimg-rootfs ro console=tty1 console=ttyS0
[    0.000000] Memory: 983040K/1048120K available (12300K kernel code, 2481K rwdata, 4272K rodata, 2436K init, 2720K bss, 65080K reserved, 0K cma-reserved)
[    0.000000] SLUB: HWalign=64, Order=0-3, MinObjects=0, CPUs=2, Nodes=1
[    0.000000] ftrace: allocating 39378 entries in 154 pages
[    0.004000] Hierarchical RCU implementation.
[    0.004000] 	RCU restricting CPUs from NR_CPUS=8192 to nr_cpu_ids=2.
[    0.004000] 	Tasks RCU enabled.
[    0.004000] RCU: Adjusting geometry for rcu_fanout_leaf=16, nr_cpu_ids=2
[    0.004000] NR_IRQS: 524544, nr_irqs: 440, preallocated irqs: 16
[    0.004000] Console: colour VGA+ 80x25
[    0.004000] console [tty1] enabled
[    0.004000] console [ttyS0] enabled
[    0.004000] ACPI: Core revision 20170831
[    0.004000] ACPI: 2 ACPI AML tables successfully acquired and loaded
[    0.004000] APIC: Switch to symmetric I/O mode setup
[    0.004000] x2apic enabled
[    0.004000] Switched APIC routing to physical x2apic.
[    0.004000] ..TIMER: vector=0x30 apic1=0 pin1=2 apic2=-1 pin2=-1
[    0.004000] tsc: Detected 1991.999 MHz processor
[    0.004000] Calibrating delay loop (skipped) preset value.. 3983.99 BogoMIPS (lpj=7967996)
[    0.004003] pid_max: default: 32768 minimum: 301
[    0.004723] Security Framework initialized
[    0.005222] Yama: becoming mindful.
[    0.005662] AppArmor: AppArmor initialized
[    0.008000] Dentry cache hash table entries: 131072 (order: 8, 1048576 bytes)
[    0.008036] Inode-cache hash table entries: 65536 (order: 7, 524288 bytes)
[    0.008943] Mount-cache hash table entries: 2048 (order: 2, 16384 bytes)
[    0.012005] Mountpoint-cache hash table entries: 2048 (order: 2, 16384 bytes)
[    0.013227] Last level iTLB entries: 4KB 64, 2MB 8, 4MB 8
[    0.014026] Last level dTLB entries: 4KB 64, 2MB 0, 4MB 0, 1GB 4
[    0.015133] Spectre V1 : Mitigation: usercopy/swapgs barriers and __user pointer sanitization
[    0.016002] Spectre V2 : Mitigation: Full generic retpoline
[    0.016825] Spectre V2 : Spectre v2 / SpectreRSB mitigation: Filling RSB on context switch
[    0.017966] Speculative Store Bypass: Vulnerable
[    0.018692] SRBDS: Mitigation: TSX disabled
[    0.020129] Freeing SMP alternatives memory: 36K
[    0.130376] smpboot: CPU0: Intel(R) Core(TM) i7-8565U CPU @ 1.80GHz (family: 0x6, model: 0x8e, stepping: 0xc)
[    0.132000] Performance Events: unsupported p6 CPU model 142 no PMU driver, software events only.
[    0.132000] Hierarchical SRCU implementation.
[    0.132711] NMI watchdog: Perf event create on CPU 0 failed with -2
[    0.133736] NMI watchdog: Perf NMI watchdog permanently disabled
[    0.134928] smp: Bringing up secondary CPUs ...
[    0.136102] x86: Booting SMP configuration:
[    0.136862] .... node  #0, CPUs:      #1
[    0.004000] kvm-clock: cpu 1, msr 0:3ff44041, secondary cpu clock
[    0.142845] smp: Brought up 1 node, 2 CPUs
[    0.142845] smpboot: Max logical packages: 1
[    0.144005] smpboot: Total of 2 processors activated (7967.99 BogoMIPS)
[    0.145212] devtmpfs: initialized
[    0.145212] x86/mm: Memory block size: 128MB
[    0.145631] evm: security.selinux
[    0.146223] evm: security.SMACK64
[    0.148003] evm: security.SMACK64EXEC
[    0.148713] evm: security.SMACK64TRANSMUTE
[    0.149332] evm: security.SMACK64MMAP
[    0.150121] evm: security.apparmor
[    0.152002] evm: security.ima
[    0.152613] evm: security.capability
[    0.153204] clocksource: jiffies: mask: 0xffffffff max_cycles: 0xffffffff, max_idle_ns: 7645041785100000 ns
[    0.153963] futex hash table entries: 512 (order: 3, 32768 bytes)
[    0.158683] pinctrl core: initialized pinctrl subsystem
[    0.160091] RTC time: 15:07:37, date: 08/29/20
[    0.161155] NET: Registered protocol family 16
[    0.162119] audit: initializing netlink subsys (disabled)
[    0.162861] audit: type=2000 audit(1598713662.728:1): state=initialized audit_enabled=0 res=1
[    0.164007] cpuidle: using governor ladder
[    0.164572] cpuidle: using governor menu
[    0.165129] ACPI: bus type PCI registered
[    0.165665] acpiphp: ACPI Hot Plug PCI Controller Driver version: 0.5
[    0.166593] PCI: Using configuration type 1 for base access
[    0.169041] HugeTLB registered 2.00 MiB page size, pre-allocated 0 pages
[    0.172085] ACPI: Added _OSI(Module Device)
[    0.172832] ACPI: Added _OSI(Processor Device)
[    0.173648] ACPI: Added _OSI(3.0 _SCP Extensions)
[    0.174352] ACPI: Added _OSI(Processor Aggregator Device)
[    0.175302] ACPI: Added _OSI(Linux-Dell-Video)
[    0.175933] ACPI: Added _OSI(Linux-Lenovo-NV-HDMI-Audio)
[    0.176003] ACPI: Added _OSI(Linux-HPI-Hybrid-Graphics)
[    0.177116] ACPI: Executed 1 blocks of module-level executable AML code
[    0.181868] ACPI: Interpreter enabled
[    0.182576] ACPI: (supports S0 S5)
[    0.183368] ACPI: Using IOAPIC for interrupt routing
[    0.184195] PCI: Using host bridge windows from ACPI; if necessary, use "pci=nocrs" and report a bug
[    0.185815] ACPI: Enabled 2 GPEs in block 00 to 07
[    0.191936] ACPI: PCI Root Bridge [PCI0] (domain 0000 [bus 00-ff])
[    0.192005] acpi PNP0A03:00: _OSC: OS supports [ASPM ClockPM Segments MSI]
[    0.193339] acpi PNP0A03:00: _OSC: not requesting OS control; OS requires [ExtendedConfig ASPM ClockPM MSI]
[    0.194950] acpi PNP0A03:00: fail to add MMCONFIG information, can't access extended PCI configuration space under this bridge.
[    0.196312] PCI host bridge to bus 0000:00
[    0.196936] pci_bus 0000:00: root bus resource [io  0x0000-0x0cf7 window]
[    0.200002] pci_bus 0000:00: root bus resource [io  0x0d00-0xffff window]
[    0.201074] pci_bus 0000:00: root bus resource [mem 0x000a0000-0x000bffff window]
[    0.202206] pci_bus 0000:00: root bus resource [mem 0x40000000-0xfdffffff window]
[    0.203307] pci_bus 0000:00: root bus resource [bus 00-ff]
[    0.205369] pci 0000:00:01.1: legacy IDE quirk: reg 0x10: [io  0x01f0-0x01f7]
[    0.206283] pci 0000:00:01.1: legacy IDE quirk: reg 0x14: [io  0x03f6]
[    0.207392] pci 0000:00:01.1: legacy IDE quirk: reg 0x18: [io  0x0170-0x0177]
[    0.208002] pci 0000:00:01.1: legacy IDE quirk: reg 0x1c: [io  0x0376]
[    0.220014] pci 0000:00:07.0: quirk: [io  0x4000-0x403f] claimed by PIIX4 ACPI
[    0.221708] pci 0000:00:07.0: quirk: [io  0x4100-0x410f] claimed by PIIX4 SMB
[    0.226509] ACPI: PCI Interrupt Link [LNKA] (IRQs 5 9 10 *11)
[    0.227813] ACPI: PCI Interrupt Link [LNKB] (IRQs 5 9 *10 11)
[    0.228148] ACPI: PCI Interrupt Link [LNKC] (IRQs 5 *9 10 11)
[    0.229602] ACPI: PCI Interrupt Link [LNKD] (IRQs 5 9 10 *11)
[    0.230813] SCSI subsystem initialized
[    0.232037] pci 0000:00:02.0: vgaarb: setting as boot VGA device
[    0.232824] pci 0000:00:02.0: vgaarb: VGA device added: decodes=io+mem,owns=io+mem,locks=none
[    0.234114] pci 0000:00:02.0: vgaarb: bridge control possible
[    0.235024] vgaarb: loaded
[    0.236020] ACPI: bus type USB registered
[    0.236687] usbcore: registered new interface driver usbfs
[    0.237417] usbcore: registered new interface driver hub
[    0.238296] usbcore: registered new device driver usb
[    0.239307] EDAC MC: Ver: 3.0.0
[    0.240145] PCI: Using ACPI for IRQ routing
[    0.240845] NetLabel: Initializing
[    0.241433] NetLabel:  domain hash size = 128
[    0.242029] NetLabel:  protocols = UNLABELED CIPSOv4 CALIPSO
[    0.242923] NetLabel:  unlabeled traffic allowed by default
[    0.244117] clocksource: Switched to clocksource kvm-clock
[    0.258212] VFS: Disk quotas dquot_6.6.0
[    0.258887] VFS: Dquot-cache hash table entries: 512 (order 0, 4096 bytes)
[    0.259890] AppArmor: AppArmor Filesystem Enabled
[    0.260895] pnp: PnP ACPI init
[    0.262483] pnp: PnP ACPI: found 3 devices
[    0.272971] clocksource: acpi_pm: mask: 0xffffff max_cycles: 0xffffff, max_idle_ns: 2085701024 ns
[    0.274378] NET: Registered protocol family 2
[    0.275160] TCP established hash table entries: 8192 (order: 4, 65536 bytes)
[    0.276349] TCP bind hash table entries: 8192 (order: 5, 131072 bytes)
[    0.279829] TCP: Hash tables configured (established 8192 bind 8192)
[    0.280882] UDP hash table entries: 512 (order: 2, 16384 bytes)
[    0.281639] UDP-Lite hash table entries: 512 (order: 2, 16384 bytes)
[    0.282612] NET: Registered protocol family 1
[    0.283385] pci 0000:00:00.0: Limiting direct PCI/PCI transfers
[    0.284465] pci 0000:00:01.0: Activating ISA DMA hang workarounds
[    0.285532] pci 0000:00:02.0: Video device with shadowed ROM at [mem 0x000c0000-0x000dffff]
[    0.286832] Unpacking initramfs...
[    0.559539] Freeing initrd memory: 19212K
[    0.560471] clocksource: tsc: mask: 0xffffffffffffffff max_cycles: 0x396d4ffc055, max_idle_ns: 881590662783 ns
[    0.562320] platform rtc_cmos: registered platform RTC device (no PNP device found)
[    0.563677] Scanning for low memory corruption every 60 seconds
[    0.565360] Initialise system trusted keyrings
[    0.566153] Key type blacklist registered
[    0.566869] workingset: timestamp_bits=36 max_order=18 bucket_order=0
[    0.568496] zbud: loaded
[    0.569521] squashfs: version 4.0 (2009/01/31) Phillip Lougher
[    0.570630] fuse init (API version 7.26)
[    0.575238] Key type asymmetric registered
[    0.575903] Asymmetric key parser 'x509' registered
[    0.576673] Block layer SCSI generic (bsg) driver version 0.4 loaded (major 246)
[    0.577748] io scheduler noop registered
[    0.578367] io scheduler deadline registered
[    0.579100] io scheduler cfq registered (default)
[    0.579881] ACPI: AC Adapter [AC] (on-line)
[    0.580508] input: Power Button as /devices/LNXSYSTM:00/LNXPWRBN:00/input/input0
[    0.581398] ACPI: Power Button [PWRF]
[    0.581920] input: Sleep Button as /devices/LNXSYSTM:00/LNXSLPBN:00/input/input1
[    0.582808] ACPI: Sleep Button [SLPF]
[    0.584076] ACPI: Battery Slot [BAT0] (battery present)
[    0.584122] Serial: 8250/16550 driver, 32 ports, IRQ sharing enabled
[    0.607020] 00:02: ttyS0 at I/O 0x3f8 (irq = 4, base_baud = 115200) is a 16550A
[    0.610509] Linux agpgart interface v0.103
[    0.612994] loop: module loaded
[    0.614436] scsi host0: ata_piix
[    0.615349] scsi host1: ata_piix
[    0.616237] ata1: PATA max UDMA/33 cmd 0x1f0 ctl 0x3f6 bmdma 0xd000 irq 14
[    0.617526] ata2: PATA max UDMA/33 cmd 0x170 ctl 0x376 bmdma 0xd008 irq 15
[    0.619113] libphy: Fixed MDIO Bus: probed
[    0.620090] tun: Universal TUN/TAP device driver, 1.6
[    0.621771] PPP generic driver version 2.4.2
[    0.622649] ehci_hcd: USB 2.0 'Enhanced' Host Controller (EHCI) Driver
[    0.623882] ehci-pci: EHCI PCI platform driver
[    0.625005] ehci-platform: EHCI generic platform driver
[    0.626009] ohci_hcd: USB 1.1 'Open' Host Controller (OHCI) Driver
[    0.627219] ohci-pci: OHCI PCI platform driver
[    0.628123] ohci-platform: OHCI generic platform driver
[    0.629356] uhci_hcd: USB Universal Host Controller Interface driver
[    0.630599] i8042: PNP: PS/2 Controller [PNP0303:PS2K,PNP0f03:PS2M] at 0x60,0x64 irq 1,12
[    0.632354] serio: i8042 KBD port at 0x60,0x64 irq 1
[    0.633066] serio: i8042 AUX port at 0x60,0x64 irq 12
[    0.634102] mousedev: PS/2 mouse device common for all mice
[    0.635300] input: AT Translated Set 2 keyboard as /devices/platform/i8042/serio0/input/input2
[    0.637532] rtc_cmos rtc_cmos: rtc core: registered rtc_cmos as rtc0
[    0.638521] rtc_cmos rtc_cmos: alarms up to one day, 114 bytes nvram
[    0.639471] i2c /dev entries driver
[    0.640077] device-mapper: uevent: version 1.0.3
[    0.640979] device-mapper: ioctl: 4.37.0-ioctl (2017-09-20) initialised: dm-devel@redhat.com
[    0.642573] ledtrig-cpu: registered to indicate activity on CPUs
[    0.644290] NET: Registered protocol family 10
[    0.649711] Segment Routing with IPv6
[    0.650418] NET: Registered protocol family 17
[    0.651263] Key type dns_resolver registered
[    0.652493] mce: Using 0 MCE banks
[    0.653388] RAS: Correctable Errors collector initialized.
[    0.654459] sched_clock: Marking stable (652471802, 0)->(761946688, -109474886)
[    0.656436] registered taskstats version 1
[    0.657139] Loading compiled-in X.509 certificates
[    0.660365] Loaded X.509 cert 'Build time autogenerated kernel key: 1d4b83cbc5f7a3cd7e4471a5cf69d65d9314bdf5'
[    0.662311] zswap: loaded using pool lzo/zbud
[    0.666311] Key type big_key registered
[    0.667073] Key type trusted registered
[    0.669691] Key type encrypted registered
[    0.670385] AppArmor: AppArmor sha1 policy hashing enabled
[    0.671201] ima: No TPM chip found, activating TPM-bypass! (rc=-19)
[    0.672362] ima: Allocated hash algorithm: sha1
[    0.673288] evm: HMAC attrs: 0x1
[    0.674055]   Magic number: 0:847:134
[    0.674763] pci 0000:00:03.0: hash matches
[    0.675523] rtc_cmos rtc_cmos: setting system clock to 2020-08-29 15:07:37 UTC (1598713657)
[    0.677174] BIOS EDD facility v0.16 2004-Jun-25, 0 devices found
[    0.678571] EDD information not available.
[    0.806882] Freeing unused kernel image memory: 2436K
[    1.062679] Write protecting the kernel read-only data: 20480k
[    1.067830] Freeing unused kernel image memory: 2008K
[    1.069051] Freeing unused kernel image memory: 1872K
[    1.076079] x86/mm: Checked W+X mappings: passed, no W+X pages found.
Loading, please wait...
starting version 237
[    1.122572] e1000: Intel(R) PRO/1000 Network Driver - version 7.3.21-k8-NAPI
[    1.123840] e1000: Copyright (c) 1999-2006 Intel Corporation.
[    1.126906] Fusion MPT base driver 3.04.20
[    1.127738] Copyright (c) 1999-2008 LSI Corporation
[    1.138608] AVX2 version of gcm_enc/dec engaged.
[    1.139521] AES CTR mode by8 optimization enabled
[    1.143570] Fusion MPT SPI Host driver 3.04.20
[    1.362817] input: ImExPS/2 Generic Explorer Mouse as /devices/platform/i8042/serio1/input/input4
[    1.576570] e1000 0000:00:03.0 eth0: (PCI:33MHz:32-bit) 02:8a:e8:1b:bb:fd
[    1.578337] e1000 0000:00:03.0 eth0: Intel(R) PRO/1000 Network Connection
[    1.580424] mptbase: ioc0: Initiating bringup
[    1.581745] e1000 0000:00:03.0 enp0s3: renamed from eth0
[    2.659829] ioc0: LSI53C1030 A0: Capabilities={Initiator}
[    5.557347] scsi host2: ioc0: LSI53C1030 A0, FwRev=00000000h, Ports=1, MaxQ=256, IRQ=20
[    7.717556] scsi 2:0:0:0: Direct-Access     VBOX     HARDDISK         1.0  PQ: 0 ANSI: 5
[    8.554099] scsi target2:0:0: Beginning Domain Validation
[    8.564654] scsi target2:0:0: Domain Validation skipping write tests
[    8.565654] scsi target2:0:0: Ending Domain Validation
[    8.566703] scsi target2:0:0: asynchronous
[    8.568109] scsi 2:0:1:0: Direct-Access     VBOX     HARDDISK         1.0  PQ: 0 ANSI: 5
[   10.490373] scsi target2:0:1: Beginning Domain Validation
[   10.496793] random: fast init done
[   10.497477] scsi target2:0:1: Domain Validation skipping write tests
[   10.498490] scsi target2:0:1: Ending Domain Validation
[   10.499627] scsi target2:0:1: asynchronous
[   10.504955] random: systemd-udevd: uninitialized urandom read (16 bytes read)
[   10.505171] sd 2:0:0:0: [sda] 20971520 512-byte logical blocks: (10.7 GB/10.0 GiB)
[   10.506088] random: systemd-udevd: uninitialized urandom read (16 bytes read)
[   10.507133] sd 2:0:0:0: Attached scsi generic sg0 type 0
[   10.508128] random: systemd-udevd: uninitialized urandom read (16 bytes read)
[   10.508264] sd 2:0:0:0: [sda] Write Protect is off
[   10.510689] sd 2:0:0:0: [sda] Incomplete mode parameter data
[   10.511434] sd 2:0:0:0: [sda] Assuming drive cache: write through
[   10.512263] sd 2:0:1:0: Attached scsi generic sg1 type 0
[   10.513321] sd 2:0:1:0: [sdb] 20480 512-byte logical blocks: (10.5 MB/10.0 MiB)
[   10.514507] sd 2:0:1:0: [sdb] Write Protect is off
[   10.515237] sd 2:0:1:0: [sdb] Incomplete mode parameter data
[   10.515962] sd 2:0:1:0: [sdb] Assuming drive cache: write through
[   10.526151]  sda: sda1
[   10.531065] sd 2:0:0:0: [sda] Attached SCSI disk
[   10.533356] sd 2:0:1:0: [sdb] Attached SCSI disk
Begin: Loading essential drivers ... [   11.956664] raid6: sse2x1   gen() 13618 MB/s
[   12.004512] raid6: sse2x1   xor()  8376 MB/s
[   12.052300] raid6: sse2x2   gen() 16910 MB/s
[   12.100156] raid6: sse2x2   xor() 11220 MB/s
[   12.148014] raid6: sse2x4   gen() 14488 MB/s
[   12.196742] raid6: sse2x4   xor() 11370 MB/s
[   12.244561] raid6: avx2x1   gen() 26984 MB/s
[   12.292403] raid6: avx2x1   xor() 15669 MB/s
[   12.341202] raid6: avx2x2   gen() 30494 MB/s
[   12.388050] raid6: avx2x2   xor() 20532 MB/s
[   12.436818] raid6: avx2x4   gen() 36030 MB/s
[   12.484316] raid6: avx2x4   xor() 21305 MB/s
[   12.485554] raid6: using algorithm avx2x4 gen() 36030 MB/s
[   12.486524] raid6: .... xor() 21305 MB/s, rmw enabled
[   12.487669] raid6: using avx2x2 recovery algorithm
[   12.489705] xor: automatically using best checksumming function   avx       
[   12.491817] async_tx: api initialized (async)
done.
Begin: Running /scripts/init-premount ... done.
Begin: Mounting root file system ... Begin: Running /scripts/local-top ... done.
Begin: Running /scripts/local-premount ... [   12.526415] Btrfs loaded, crc32c=crc32c-intel
Scanning for Btrfs filesystems
done.
Warning: fsck not present, so skipping root file system
[   12.563982] EXT4-fs (sda1): mounted filesystem with ordered data mode. Opts: (null)
done.
Begin: Running /scripts/local-bottom ... done.
Begin: Running /scripts/init-bottom ... done.
[   12.719568] ip_tables: (C) 2000-2006 Netfilter Core Team
[   12.729771] systemd[1]: systemd 237 running in system mode. (+PAM +AUDIT +SELINUX +IMA +APPARMOR +SMACK +SYSVINIT +UTMP +LIBCRYPTSETUP +GCRYPT +GNUTLS +ACL +XZ +LZ4 +SECCOMP +BLKID +ELFUTILS +KMOD -IDN2 +IDN -PCRE2 default-hierarchy=hybrid)
[   12.733147] systemd[1]: Detected virtualization oracle.
[   12.733882] systemd[1]: Detected architecture x86-64.

Welcome to [1mUbuntu 18.04.5 LTS[0m!

[   12.749311] systemd[1]: Set hostname to <ubuntu>.
[   12.755042] systemd[1]: Initializing machine ID from random generator.
[   12.755860] systemd[1]: Installed transient /etc/machine-id file.
[   13.015693] systemd[1]: Started Forward Password Requests to Wall Directory Watch.
[[0;32m  OK  [0m] Started Forward Password Requests to Wall Directory Watch.
[   13.018058] systemd[1]: Reached target System Time Synchronized.
[[0;32m  OK  [0m] Reached target System Time Synchronized.
[   13.019497] systemd[1]: Reached target Swap.
[[0;32m  OK  [0m] Reached target Swap.
[   13.021875] systemd[1]: Created slice System Slice.
[[0;32m  OK  [0m] Created slice System Slice.
[[0;32m  OK  [0m] Listening on /dev/initctl Compatibility Named Pipe.
[[0;32m  OK  [0m] Listening on udev Kernel Socket.
[[0;32m  OK  [0m] Created slice User and Session Slice.
[[0;32m  OK  [0m] Listening on udev Control Socket.
[[0;32m  OK  [0m] Listening on LVM2 poll daemon socket.
[[0;32m  OK  [0m] Listening on Network Service Netlink Socket.
[[0;32m  OK  [0m] Listening on Syslog Socket.
[[0;32m  OK  [0m] Set up automount Arbitrary Executab…rmats File System Automount Point.
[[0;32m  OK  [0m] Reached target Slices.
[[0;32m  OK  [0m] Created slice system-serial\x2dgetty.slice.
[[0;32m  OK  [0m] Reached target User and Group Name Lookups.
[[0;32m  OK  [0m] Listening on Journal Socket.
         Starting Create list of required st…ce nodes for the current kernel...
         Mounting POSIX Message Queue File System...
         Starting Remount Root and Kernel File Systems...
[   13.054581] EXT4-fs (sda1): re-mounted. Opts: (null)
         Starting udev Coldplug all Devices...
         Starting Load Kernel Modules...
         Mounting Kernel Debug File System...
         Starting Set the console keyboard layout...
         Mounting Huge Pages File System...
[   13.098261] Loading iSCSI transport class v2.0-870.
[   13.104331] iscsi: registered transport (tcp)
         Starting Uncomplicated firewall...
[   13.119707] iscsi: registered transport (iser)
[[0;32m  OK  [0m] Listening on Journal Socket (/dev/log).
[[0;32m  OK  [0m] Listening on LVM2 metadata daemon socket.
[[0;32m  OK  [0m] Listening on Journal Audit Socket.
         Starting Journal Service...
[[0;32m  OK  [0m] Listening on Device-mapper event daemon FIFOs.
         Starting Monitoring of LVM2 mirrors…ng dmeventd or progress polling...
[[0;32m  OK  [0m] Started Journal Service.
[[0;32m  OK  [0m] Started Create list of required sta…vice nodes for the current kernel.
[[0;32m  OK  [0m] Mounted POSIX Message Queue File System.
[[0;32m  OK  [0m] Started Remount Root and Kernel File Systems.
[[0;32m  OK  [0m] Started Load Kernel Modules.
[[0;32m  OK  [0m] Mounted Kernel Debug File System.
[[0;32m  OK  [0m] Started Set the console keyboard layout.
[[0;32m  OK  [0m] Mounted Huge Pages File System.
[[0;32m  OK  [0m] Started Uncomplicated firewall.
[[0;32m  OK  [0m] Started udev Coldplug all Devices.
[[0;32m  OK  [0m] Started LVM2 metadata daemon.
         Mounting Kernel Configuration File System...
         Starting Apply Kernel Variables...
         Mounting FUSE Control File System...
         Starting Load/Save Random Seed...
         Starting Create Static Device Nodes in /dev...
         Starting Flush Journal to Persistent Storage...
[[0;32m  OK  [0m] Started Monitoring of LVM2 mirrors,…sing dmeventd or progress polling.
[[0;32m  OK  [0m] Mounted Kernel Configuration File System.
[[0;32m  OK  [0m] Mounted FUSE Control File System.
[[0;32m  OK  [0m] Started Load/Save Random Seed.
[[0;32m  OK  [0m] Started Create Static Device Nodes in /dev.
         Starting udev Kernel Device Manager...
[[0;32m  OK  [0m] Reached target Local File Systems (Pre).
[[0;32m  OK  [0m] Reached target Local File Systems.
         Starting ebtables ruleset management...
         Starting AppArmor initialization...
         Starting Commit a transient machine-id on disk...
         Starting Tell Plymouth To Write Out Runtime Data...
         Starting Set console font and keymap...
[[0;32m  OK  [0m] Started Apply Kernel Variables.
[[0;32m  OK  [0m] Started udev Kernel Device Manager.
[[0;32m  OK  [0m] Started Dispatch Password Requests to Console Directory Watch.
[[0;32m  OK  [0m] Reached target Local Encrypted Volumes.
[[0;32m  OK  [0m] Started Tell Plymouth To Write Out Runtime Data.
[[0;32m  OK  [0m] Started Set console font and keymap.
[[0;32m  OK  [0m] Started Flush Journal to Persistent Storage.
         Starting Create Volatile Files and Directories...
[[0;32m  OK  [0m] Started Commit a transient machine-id on disk.
[[0;32m  OK  [0m] Started Create Volatile Files and Directories.
         Starting Update UTMP about System Boot/Shutdown...
[[0;32m  OK  [0m] Started Update UTMP about System Boot/Shutdown.
[[0;32m  OK  [0m] Started ebtables ruleset management.
[[0;32m  OK  [0m] Found device /dev/ttyS0.
[[0;32m  OK  [0m] Listening on Load/Save RF Kill Switch Status /dev/rfkill Watch.
[[0;32m  OK  [0m] Started AppArmor initialization.
         Starting Load AppArmor profiles managed internally by snapd...
         Starting Initial cloud-init job (pre-networking)...
[[0;32m  OK  [0m] Started Load AppArmor profiles managed internally by snapd.
[   15.211202] cloud-init[553]: Cloud-init v. 20.2-45-g5f7825e2-0ubuntu1~18.04.1 running 'init-local' at Sat, 29 Aug 2020 15:07:51 +0000. Up 14.94 seconds.
[[0;32m  OK  [0m] Started Initial cloud-init job (pre-networking).
[[0;32m  OK  [0m] Reached target Network (Pre).
         Starting Network Service...
[[0;32m  OK  [0m] Started Network Service.
         Starting Network Name Resolution...
         Starting Wait for Network to be Configured...
[[0;32m  OK  [0m] Started Network Name Resolution.
[[0;32m  OK  [0m] Reached target Host and Network Name Lookups.
[[0;32m  OK  [0m] Reached target Network.
[[0;32m  OK  [0m] Started Wait for Network to be Configured.
         Starting Initial cloud-init job (metadata service crawler)...
[   16.878420] cloud-init[682]: Cloud-init v. 20.2-45-g5f7825e2-0ubuntu1~18.04.1 running 'init' at Sat, 29 Aug 2020 15:07:53 +0000. Up 16.78 seconds.
[   16.879965] cloud-init[682]: ci-info: ++++++++++++++++++++++++++++++++++++++Net device info++++++++++++++++++++++++++++++++++++++
[   16.892377] cloud-init[682]: ci-info: +--------+------+----------------------------+---------------+--------+-------------------+
[   16.893460] cloud-init[682]: ci-info: | Device |  Up  |          Address           |      Mask     | Scope  |     Hw-Address    |
[   16.894506] cloud-init[682]: ci-info: +--------+------+----------------------------+---------------+--------+-------------------+
[   16.895964] cloud-init[682]: ci-info: | enp0s3 | True |         10.0.2.15          | 255.255.255.0 | global | 02:8a:e8:1b:bb:fd |
[   16.897412] cloud-init[682]: ci-info: | enp0s3 | True | fe80::8a:e8ff:fe1b:bbfd/64 |       .       |  link  | 02:8a:e8:1b:bb:fd |
[   16.898774] cloud-init[682]: ci-info: |   lo   | True |         127.0.0.1          |   255.0.0.0   |  host  |         .         |
[   16.900243] cloud-init[682]: ci-info: |   lo   | True |          ::1/128           |       .       |  host  |         .         |
[   16.901422] cloud-init[682]: ci-info: +--------+------+----------------------------+---------------+--------+-------------------+
[   16.902545] cloud-init[682]: ci-info: ++++++++++++++++++++++++++++Route IPv4 info+++++++++++++++++++++++++++++
[   16.903768] cloud-init[682]: ci-info: +-------+-------------+----------+-----------------+-----------+-------+
[   16.905134] cloud-init[682]: ci-info: | Route | Destination | Gateway  |     Genmask     | Interface | Flags |
[   16.906361] cloud-init[682]: ci-info: +-------+-------------+----------+-----------------+-----------+-------+
[   16.908261] cloud-init[682]: ci-info: |   0   |   0.0.0.0   | 10.0.2.2 |     0.0.0.0     |   enp0s3  |   UG  |
[   16.909395] cloud-init[682]: ci-info: |   1   |   10.0.2.0  | 0.0.0.0  |  255.255.255.0  |   enp0s3  |   U   |
[   16.910503] cloud-init[682]: ci-info: |   2   |   10.0.2.2  | 0.0.0.0  | 255.255.255.255 |   enp0s3  |   UH  |
[   16.911604] cloud-init[682]: ci-info: +-------+-------------+----------+-----------------+-----------+-------+
[   16.912801] cloud-init[682]: ci-info: +++++++++++++++++++Route IPv6 info+++++++++++++++++++
[   16.913804] cloud-init[682]: ci-info: +-------+-------------+---------+-----------+-------+
[   16.914956] cloud-init[682]: ci-info: | Route | Destination | Gateway | Interface | Flags |
[   16.915904] cloud-init[682]: ci-info: +-------+-------------+---------+-----------+-------+
[   16.916882] cloud-init[682]: ci-info: |   1   |  fe80::/64  |    ::   |   enp0s3  |   U   |
[   16.917825] cloud-init[682]: ci-info: |   3   |    local    |    ::   |   enp0s3  |   U   |
[   16.918721] cloud-init[682]: ci-info: |   4   |   ff00::/8  |    ::   |   enp0s3  |   U   |
[   16.919656] cloud-init[682]: ci-info: +-------+-------------+---------+-----------+-------+
[   18.065705] cloud-init[682]: Generating public/private rsa key pair.
[   18.076965] cloud-init[682]: Your identification has been saved in /etc/ssh/ssh_host_rsa_key.
[   18.077869] cloud-init[682]: Your public key has been saved in /etc/ssh/ssh_host_rsa_key.pub.
[   18.078800] cloud-init[682]: The key fingerprint is:
[   18.088659] cloud-init[682]: SHA256:AGEMSTqW5p8eoYX25HYwN887b5T3FZoIUt5w5lLd+xs root@ubuntu-bionic
[   18.089521] cloud-init[682]: The key's randomart image is:
[   18.090168] cloud-init[682]: +---[RSA 2048]----+
[   18.101287] cloud-init[682]: | .o++.      . .  |
[[0;32m  OK  [0m] Started Initial cloud-init job (metadata service crawler).
[   18.121077] cloud-init[682]: | .o...   o + . . |
[   18.138548] cloud-init[682]: |o+    . o B     .|
[[   18.140288] cloud-init[682]: |+..    o + o   o |
[   18.140639] cloud-init[682]: | + * o  S + . o o|
[   18.141548] cloud-init[682]: |. B * +  o o o E.|
[   18.142512] cloud-init[682]: | . B . o. . . . o|
[   18.143475] cloud-init[682]: |  o o  ...   . . |
[   18.144576] cloud-init[682]: |   .   .+.       |
[   18.145146] cloud-init[682]: +----[SHA256]-----+
[   18.145311] cloud-init[682]: Generating public/private dsa key pair.
[   18.145810] cloud-init[682]: Your identification has been saved in /etc/ssh/ssh_host_dsa_key.
[   18.150144] cloud-init[682]: Your public key has been saved in /etc/ssh/ssh_host_dsa_key.pub.
[   18.150222] cloud-init[682]: The key fingerprint is:
[   18.150414] cloud-init[682]: SHA256:3K5AlLs9loManM9tQAxMrwEm9fkhnPl+MZ/6iN1MY5E root@ubuntu-bionic
[   18.150477] cloud-init[682]: The key's randomart image is:
[   18.150566] cloud-init[682]: +---[DSA 1024]----+
[0;32m  OK  [0m] Reached target Cloud-config availability.
[   18.150690] cloud-init[682]: |..+o.            |
[   18.153400] cloud-init[682]: | o +o= .         |
[   18.153466] cloud-init[682]: |    Oo=          |
[   18.153857] cloud-init[682]: |     Bo+ . .     |
[[0;32m  OK  [0m] Reached target System Initialization.
[   18.154356] cloud-init[682]: |    ..= S E      |
[[   18.155796] cloud-init[682]: |   . +.+ * o     |
[   18.155903] cloud-init[682]: |    + =.B B      |
[   18.156370] cloud-init[682]: |     = B.@ .     |
[   18.156688] cloud-init[682]: |    . +.*.+      |
[   18.157073] cloud-init[682]: +----[SHA256]-----+
[   18.157405] cloud-init[682]: Generating public/private ecdsa key pair.
[   18.157824] cloud-init[682]: Your identification has been saved in /etc/ssh/ssh_host_ecdsa_key.
[0;32m  OK  [0m] Listening on ACPID Listen Socket.
[[   18.157893] cloud-init[682]: Your public key has been saved in /etc/ssh/ssh_host_ecdsa_key.pub.
[   18.159563] cloud-init[682]: The key fingerprint is:
[   18.159948] cloud-init[682]: SHA256:LzGVC/SiFjbVpQlEcilai2k9T7rweilACedegvnlffU root@ubuntu-bionic
[   18.160303] cloud-init[682]: The key's randomart image is:
[   18.160619] cloud-init[682]: +---[ECDSA 256]---+
[   18.161004] cloud-init[682]: |      .oBo ..    |
[   18.161336] cloud-init[682]: |. .   o=.o.+     |
[   18.161732] cloud-init[682]: | * . *+oo *      |
[   18.161951] cloud-init[682]: |o = B.++.+..     |
[   18.162284] cloud-init[682]: | + * .o=S...     |
[   18.162683] cloud-init[682]: |  + o.o o+  E    |
[   18.163016] cloud-init[682]: |   . o +. .      |
[   18.163440] cloud-init[682]: |    . =  .       |
[   18.163506] cloud-init[682]: |    .+           |
[   18.163538] cloud-init[682]: +----[SHA256]-----+
[   18.163659] cloud-init[682]: Generating public/private ed25519 key pair.
[   18.163910] cloud-init[682]: Your identification has been saved in /etc/ssh/ssh_host_ed25519_key.
[   18.164371] cloud-init[682]: Your public key has been saved in /etc/ssh/ssh_host_ed25519_key.pub.
[   18.164758] cloud-init[682]: The key fingerprint is:
[   18.165078] cloud-init[682]: SHA256:dbxxwzrf6UfYypAq9jAPhTyBoCRzmFvGk9aBWxsrnHI root@ubuntu-bionic
[   18.165415] cloud-init[682]: The key's randomart image is:
[   18.165757] cloud-init[682]: +--[ED25519 256]--+
[   18.165982] cloud-init[682]: |o+o+o.           |
[   18.166203] cloud-init[682]: |o=O.+. .   . .   |
[   18.166424] cloud-init[682]: | *.= +. . . + +  |
[   18.166820] cloud-init[682]: |o E o  . + . = . |
[   18.167153] cloud-init[682]: | o .    S . +. o |
[   18.167530] cloud-init[682]: |         o  oo..+|
[   18.167757] cloud-init[682]: |        +  . o.+.|
[   18.168121] cloud-init[682]: |        o=.   + .|
[   18.168358] cloud-init[682]: |       . oo    ..|
[   18.168740] cloud-init[682]: +----[SHA256]-----+
[0;32m  OK  [0m] Listening on D-Bus System Message Bus Socket.
[[0;32m  OK  [0m] Started ACPI Events Check.
[[0;32m  OK  [0m] Listening on UUID daemon activation socket.
[[0;32m  OK  [0m] Reached target Paths.
[[0;32m  OK  [0m] Started Daily apt download activities.
         Starting LXD - unix socket.
[[0;32m  OK  [0m] Started Message of the Day.
[[0;32m  OK  [0m] Listening on Open-iSCSI iscsid Socket.
         Starting Socket activation for snappy daemon.
[[0;32m  OK  [0m] Started Discard unused blocks once a week.
[[0;32m  OK  [0m] Started Daily Cleanup of Temporary Directories.
[[0;32m  OK  [0m] Started Daily apt upgrade and clean activities.
[[0;32m  OK  [0m] Reached target Timers.
[[0;32m  OK  [0m] Reached target Network is Online.
         Starting Availability of block devices...
[[0;32m  OK  [0m] Reached target Remote File Systems (Pre).
[[0;32m  OK  [0m] Reached target Remote File Systems.
[[0;32m  OK  [0m] Listening on LXD - unix socket.
[[0;32m  OK  [0m] Listening on Socket activation for snappy daemon.
[[0;32m  OK  [0m] Started Availability of block devices.
[[0;32m  OK  [0m] Reached target Sockets.
[[0;32m  OK  [0m] Reached target Basic System.
         Starting Accounts Service...
         Starting Pollinate to seed the pseudo random number generator...
         Starting Dispatcher daemon for systemd-networkd...
         Starting LSB: Record successful boot for GRUB...
[[0;32m  OK  [0m] Started FUSE filesystem for LXC.
         Starting System Logging Service...
         Starting Snap Daemon...
[[0;32m  OK  [0m] Started Regular background program processing daemon.
         Starting LXD - container startup/shutdown...
         Starting LSB: automatic crash report generation...
[[0;32m  OK  [0m] Started D-Bus System Message Bus.
[[0;32m  OK  [0m] Started irqbalance daemon.
         Starting Virtualbox guest utils...
         Starting Permit User Sessions...
         Starting Login Service...
[[0;32m  OK  [0m] Started Deferred execution scheduler.
[[0;32m  OK  [0m] Started System Logging Service.
[[0;32m  OK  [0m] Started Permit User Sessions.
[[0;32m  OK  [0m] Started Login Service.
[[0;32m  OK  [0m] Started Unattended Upgrades Shutdown.
         Starting Terminate Plymouth Boot Screen...
         Starting Hold until boot process finishes up...
         Starting Authorization Manager...
[[0;32m  OK  [0m] Started Hold until boot process finishes up.
[[0;32m  OK  [0m] Started Serial Getty on ttyS0.
         Starting Set console scheme...
[[0;32m  OK  [0m] Started Terminate Plymouth Boot Screen.
[[0;32m  OK  [0m] Started Set console scheme.
[[0;32m  OK  [0m] Started LSB: Record successful boot for GRUB.
[[0;32m  OK  [0m] Started LXD - container startup/shutdown.
[[0;32m  OK  [0m] Started LSB: automatic crash report generation.
[[0;32m  OK  [0m] Created slice system-getty.slice.
[[0;32m  OK  [0m] Started Getty on tty1.
[[0;32m  OK  [0m] Reached target Login Prompts.
[[0;32m  OK  [0m] Started Authorization Manager.
[[0;32m  OK  [0m] Started Accounts Service.
[[0;32m  OK  [0m] Started Virtualbox guest utils.
[[0;32m  OK  [0m] Started Dispatcher daemon for systemd-networkd.
[[0;32m  OK  [0m] Started Snap Daemon.
         Starting Wait until snapd is fully seeded...
[[0;32m  OK  [0m] Started Pollinate to seed the pseudo random number generator.
         Starting OpenBSD Secure Shell server...
[[0;32m  OK  [0m] Started OpenBSD Secure Shell server.
[[0;32m  OK  [0m] Created slice User Slice of vagrant.
         Starting User Manager for UID 1000...
[[0;32m  OK  [0m] Started Session 1 of user vagrant.
[[0;32m  OK  [0m] Started User Manager for UID 1000.
[[0;32m  OK  [0m] Started Wait until snapd is fully seeded.
         Starting Apply the settings specified in cloud-config...
[[0;32m  OK  [0m] Reached target Multi-User System.
[[0;32m  OK  [0m] Reached target Graphical Interface.
         Starting Update UTMP about System Runlevel Changes...
[[0;32m  OK  [0m] Started Update UTMP about System Runlevel Changes.
[   22.243996] cloud-init[1383]: Cloud-init v. 20.2-45-g5f7825e2-0ubuntu1~18.04.1 running 'modules:config' at Sat, 29 Aug 2020 15:07:58 +0000. Up 21.87 seconds.
[[0;32m  OK  [0m] Started Apply the settings specified in cloud-config.
         Starting Execute cloud user/final scripts...
ci-info: no authorized SSH keys fingerprints found for user ubuntu.
<14>Aug 29 15:07:59 ec2: 
<14>Aug 29 15:07:59 ec2: #############################################################
<14>Aug 29 15:07:59 ec2: -----BEGIN SSH HOST KEY FINGERPRINTS-----
<14>Aug 29 15:07:59 ec2: 1024 SHA256:3K5AlLs9loManM9tQAxMrwEm9fkhnPl+MZ/6iN1MY5E root@ubuntu-bionic (DSA)
<14>Aug 29 15:07:59 ec2: 256 SHA256:LzGVC/SiFjbVpQlEcilai2k9T7rweilACedegvnlffU root@ubuntu-bionic (ECDSA)
<14>Aug 29 15:07:59 ec2: 256 SHA256:dbxxwzrf6UfYypAq9jAPhTyBoCRzmFvGk9aBWxsrnHI root@ubuntu-bionic (ED25519)
<14>Aug 29 15:07:59 ec2: 2048 SHA256:AGEMSTqW5p8eoYX25HYwN887b5T3FZoIUt5w5lLd+xs root@ubuntu-bionic (RSA)
<14>Aug 29 15:07:59 ec2: -----END SSH HOST KEY FINGERPRINTS-----
<14>Aug 29 15:07:59 ec2: #############################################################
-----BEGIN SSH HOST KEY KEYS-----
ecdsa-sha2-nistp256 AAAAE2VjZHNhLXNoYTItbmlzdHAyNTYAAAAIbmlzdHAyNTYAAABBBNxnqNZu3oun69XgiVxvHQsb6QCVW2nSMqj58IypvXV4LrOnqTsfRmKGwZjO+yBDAbB1DL+9+1M74zXszWm7t9I= root@ubuntu-bionic
ssh-ed25519 AAAAC3NzaC1lZDI1NTE5AAAAIIB5qNIQFiv4hK8HDMpEoB0P1VNiq2RA4zMri8cBMbRL root@ubuntu-bionic
ssh-rsa AAAAB3NzaC1yc2EAAAADAQABAAABAQDT8lJLJLTkOyYKh1vFs3c37yu4OZPTEIubQBXa6eaKQyFZ4+idk8yTToxo8UTU6zVGNGugCKJS/R74SrtWn+Dl6zaFEMVkm7JdJm9QKK0zlevYGl8pJt2km/1tyabC74s+/9O4VfgAjVHRWhqL6ImBLMtOHPSGoZjpK6stXL8xpVRQasjkmHLRMZkLf0d3p3xWI82hLqXo3bR7HUdvbhEiprwApjPc8dJ+KEZmBPYZi63dbfH4Eq896XSRG8vG2kyPLuQ9skmZoSmMQgJqPHGk+2XMeJgYjqE5ohhZSWMVGgi3Y8K6Zzm2okMOu+AW+Ao6/qeFTfxrH2UiMPmbbi/T root@ubuntu-bionic
-----END SSH HOST KEY KEYS-----
[   22.745064] cloud-init[1500]: Cloud-init v. 20.2-45-g5f7825e2-0ubuntu1~18.04.1 running 'modules:final' at Sat, 29 Aug 2020 15:07:59 +0000. Up 22.61 seconds.
[   22.756680] cloud-init[1500]: ci-info: no authorized SSH keys fingerprints found for user ubuntu.
[   22.768415] cloud-init[1500]: Cloud-init v. 20.2-45-g5f7825e2-0ubuntu1~18.04.1 finished at Sat, 29 Aug 2020 15:07:59 +0000. Datasource DataSourceNoCloud [seed=/dev/sdb][dsmode=net].  Up 22.73 seconds
[[0;32m  OK  [0m] Started Execute cloud user/final scripts.
[[0;32m  OK  [0m] Reached target Cloud-init target.

Ubuntu 18.04.5 LTS ubuntu-bionic ttyS0

ubuntu-bionic login: 